This file contains any messages produced by compilers while
running configure, to aid debugging if configure makes a mistake.

It was created by testPkg configure 1.0, which was
generated by GNU Autoconf 2.69.  Invocation command line was

  $ ./configure 

## --------- ##
## Platform. ##
## --------- ##

hostname = amanda-K55A
uname -m = x86_64
uname -r = 4.2.0-34-generic
uname -s = Linux
uname -v = #39~14.04.1-Ubuntu SMP Fri Mar 11 11:38:02 UTC 2016

/usr/bin/uname -p = unknown
/bin/uname -X     = unknown

/bin/arch              = unknown
/usr/bin/arch -k       = unknown
/usr/convex/getsysinfo = unknown
/usr/bin/hostinfo      = unknown
/bin/machine           = unknown
/usr/bin/oslevel       = unknown
/bin/universe          = unknown

PATH: /usr/local/sbin
PATH: /usr/local/bin
PATH: /usr/sbin
PATH: /usr/bin
PATH: /sbin
PATH: /bin
PATH: /usr/games
PATH: /usr/local/games


## ----------- ##
## Core tests. ##
## ----------- ##

configure:1673: checking for xapian-config-1.3
configure:1691: found /usr/local/bin/xapian-config-1.3
configure:1703: result: /usr/local/bin/xapian-config-1.3
configure:1876: creating ./config.status

## ---------------------- ##
## Running config.status. ##
## ---------------------- ##

This file was extended by testPkg config.status 1.0, which was
generated by GNU Autoconf 2.69.  Invocation command line was

  CONFIG_FILES    = 
  CONFIG_HEADERS  = 
  CONFIG_LINKS    = 
  CONFIG_COMMANDS = 
  $ ./config.status 

on amanda-K55A

config.status:715: creating src/Makevars

## ---------------- ##
## Cache variables. ##
## ---------------- ##

ac_cv_env_build_alias_set=
ac_cv_env_build_alias_value=
ac_cv_env_host_alias_set=
ac_cv_env_host_alias_value=
ac_cv_env_target_alias_set=
ac_cv_env_target_alias_value=
ac_cv_path_XAPIAN_CONFIG=/usr/local/bin/xapian-config-1.3

## ----------------- ##
## Output variables. ##
## ----------------- ##

DEFS='-DPACKAGE_NAME=\"testPkg\" -DPACKAGE_TARNAME=\"testpkg\" -DPACKAGE_VERSION=\"1.0\" -DPACKAGE_STRING=\"testPkg\ 1.0\" -DPACKAGE_BUGREPORT=\"\" -DPACKAGE_URL=\"\"'
ECHO_C=''
ECHO_N='-n'
ECHO_T=''
LIBOBJS=''
LIBS=''
LTLIBOBJS=''
PACKAGE_BUGREPORT=''
PACKAGE_NAME='testPkg'
PACKAGE_STRING='testPkg 1.0'
PACKAGE_TARNAME='testpkg'
PACKAGE_URL=''
PACKAGE_VERSION='1.0'
PATH_SEPARATOR=':'
SHELL='/bin/bash'
XAPIAN_CONFIG='/usr/local/bin/xapian-config-1.3'
XAPIAN_CXXFLAGS='-I/usr/local/include/xapian-1.3'
XAPIAN_LIBS='-L/usr/local/lib -lxapian-1.3'
bindir='${exec_prefix}/bin'
build_alias=''
datadir='${datarootdir}'
datarootdir='${prefix}/share'
docdir='${datarootdir}/doc/${PACKAGE_TARNAME}'
dvidir='${docdir}'
exec_prefix='${prefix}'
host_alias=''
htmldir='${docdir}'
includedir='${prefix}/include'
infodir='${datarootdir}/info'
libdir='${exec_prefix}/lib'
libexecdir='${exec_prefix}/libexec'
localedir='${datarootdir}/locale'
localstatedir='${prefix}/var'
mandir='${datarootdir}/man'
oldincludedir='/usr/include'
pdfdir='${docdir}'
prefix='/usr/local'
program_transform_name='s,x,x,'
psdir='${docdir}'
sbindir='${exec_prefix}/sbin'
sharedstatedir='${prefix}/com'
sysconfdir='${prefix}/etc'
target_alias=''

## ----------- ##
## confdefs.h. ##
## ----------- ##

/* confdefs.h */
#define PACKAGE_NAME "testPkg"
#define PACKAGE_TARNAME "testpkg"
#define PACKAGE_VERSION "1.0"
#define PACKAGE_STRING "testPkg 1.0"
#define PACKAGE_BUGREPORT ""
#define PACKAGE_URL ""

configure: exit 0
